This is pdfTeX, Version 3.1415926-2.4-1.40.13 (MiKTeX 2.9) (preloaded format=pdftex 2015.2.12)  10 APR 2015 10:31
entering extended mode
**C:/Users/Oliver/Documents/GitHub/heterogeneitypaper/heterogeneity.bib
(C:/Users/Oliver/Documents/GitHub/heterogeneitypaper/heterogeneity.bib [1{C:/Pr
ogramData/MiKTeX/2.9/pdftex/config/pdftex.map}] [2] [3]
! Missing $ inserted.
<inserted text> 
                $
<to be read again> 
                   _
l.577 ...         {DOI: 10.1007/978-0-387-78341-3_
                                                  7}
? 
! Emergency stop.
<inserted text> 
                $
<to be read again> 
                   _
l.577 ...         {DOI: 10.1007/978-0-387-78341-3_
                                                  7}
End of file on the terminal!

!  ==> Fatal error occurred, no output PDF file produced!
